[2021-07-11T19:19:00.000Z] [org.springframework.boot.StartupInfoLogger] [restartedMain] [55] [INFO ] Starting OterrainApplication using Java 1.8.0_271 on DESKTOP-B0QDJ37 with PID 8456 (C:\Users\AROUNA\connecsen\o-terrain\target\classes started by AROUNA in C:\Users\AROUNA\connecsen\o-terrain)
[2021-07-11T19:19:00.000Z] [org.springframework.boot.SpringApplication] [restartedMain] [663] [INFO ] The following profiles are active: dev
[2021-07-11T19:19:02.002Z] [org.springframework.data.repository.config.RepositoryConfigurationDelegate] [restartedMain] [132] [INFO ] Bootstrapping Spring Data JPA repositories in DEFAULT mode.
[2021-07-11T19:19:02.002Z] [org.springframework.data.repository.config.RepositoryConfigurationDelegate] [restartedMain] [201] [INFO ] Finished Spring Data repository scanning in 228 ms. Found 2 JPA repository interfaces.
[2021-07-11T19:19:03.003Z] [org.springframework.boot.web.embedded.tomcat.TomcatWebServer] [restartedMain] [108] [INFO ] Tomcat initialized with port(s): 8080 (http)
[2021-07-11T19:19:03.003Z] [org.apache.juli.logging.DirectJDKLog] [restartedMain] [173] [INFO ] Initializing ProtocolHandler ["http-nio-8080"]
[2021-07-11T19:19:03.003Z] [org.apache.juli.logging.DirectJDKLog] [restartedMain] [173] [INFO ] Starting service [Tomcat]
[2021-07-11T19:19:03.003Z] [org.apache.juli.logging.DirectJDKLog] [restartedMain] [173] [INFO ] Starting Servlet engine: [Apache Tomcat/9.0.48]
[2021-07-11T19:19:03.003Z] [org.apache.juli.logging.DirectJDKLog] [restartedMain] [173] [INFO ] Initializing Spring embedded WebApplicationContext
[2021-07-11T19:19:03.003Z] [org.springframework.boot.web.servlet.context.ServletWebServerApplicationContext] [restartedMain] [290] [INFO ] Root WebApplicationContext: initialization completed in 2722 ms
[2021-07-11T19:19:03.003Z] [org.hibernate.jpa.internal.util.LogHelper] [restartedMain] [31] [INFO ] HHH000204: Processing PersistenceUnitInfo [name: default]
[2021-07-11T19:19:03.003Z] [com.zaxxer.hikari.HikariDataSource] [restartedMain] [110] [INFO ] HikariPool-56 - Starting...
[2021-07-11T19:19:04.004Z] [com.zaxxer.hikari.HikariDataSource] [restartedMain] [123] [INFO ] HikariPool-56 - Start completed.
[2021-07-11T19:19:04.004Z] [org.hibernate.dialect.Dialect] [restartedMain] [175] [INFO ] HHH000400: Using dialect: org.hibernate.dialect.PostgreSQLDialect
[2021-07-11T19:19:06.006Z] [org.hibernate.engine.transaction.jta.platform.internal.JtaPlatformInitiator] [restartedMain] [52] [INFO ] HHH000490: Using JtaPlatform implementation: [org.hibernate.engine.transaction.jta.platform.internal.NoJtaPlatform]
[2021-07-11T19:19:06.006Z] [org.springframework.orm.jpa.AbstractEntityManagerFactoryBean] [restartedMain] [437] [INFO ] Initialized JPA EntityManagerFactory for persistence unit 'default'
[2021-07-11T19:19:08.008Z] [org.springframework.boot.autoconfigure.orm.jpa.JpaBaseConfiguration$JpaWebConfiguration] [restartedMain] [219] [WARN ] spring.jpa.open-in-view is enabled by default. Therefore, database queries may be performed during view rendering. Explicitly configure spring.jpa.open-in-view to disable this warning
[2021-07-11T19:19:09.009Z] [org.springframework.security.web.DefaultSecurityFilterChain] [restartedMain] [51] [INFO ] Will secure any request with [org.springframework.security.web.context.request.async.WebAsyncManagerIntegrationFilter@37a6e13e, org.springframework.security.web.context.SecurityContextPersistenceFilter@1cac8fa0, org.springframework.security.web.header.HeaderWriterFilter@3ade48b6, org.springframework.security.web.authentication.logout.LogoutFilter@261c0559, com.connecsen.oterrain.security.JWTAuthorizationFilter@235504a8, com.connecsen.oterrain.security.JWTAuthentificationFilter@3ade20a9, org.springframework.security.web.savedrequest.RequestCacheAwareFilter@738d8f01, org.springframework.security.web.servletapi.SecurityContextHolderAwareRequestFilter@3bdee23e, org.springframework.security.web.authentication.AnonymousAuthenticationFilter@9df0e26, org.springframework.security.web.session.SessionManagementFilter@47544b5e, org.springframework.security.web.access.ExceptionTranslationFilter@43658579, org.springframework.security.web.access.intercept.FilterSecurityInterceptor@54acf3df]
[2021-07-11T19:19:11.011Z] [org.springframework.boot.devtools.autoconfigure.OptionalLiveReloadServer] [restartedMain] [58] [INFO ] LiveReload server is running on port 35729
[2021-07-11T19:19:11.011Z] [org.apache.juli.logging.DirectJDKLog] [restartedMain] [173] [INFO ] Starting ProtocolHandler ["http-nio-8080"]
[2021-07-11T19:19:11.011Z] [org.springframework.boot.web.embedded.tomcat.TomcatWebServer] [restartedMain] [220] [INFO ] Tomcat started on port(s): 8080 (http) with context path ''
[2021-07-11T19:19:11.011Z] [org.springframework.boot.StartupInfoLogger] [restartedMain] [61] [INFO ] Started OterrainApplication in 11.236 seconds (JVM running for 23990.615)
[2021-07-11T19:19:11.011Z] [org.springframework.boot.devtools.autoconfigure.ConditionEvaluationDeltaLoggingListener] [restartedMain] [63] [INFO ] Condition evaluation unchanged
[2021-07-11T19:31:27.027Z] [org.springframework.orm.jpa.AbstractEntityManagerFactoryBean] [Thread-224] [651] [INFO ] Closing JPA EntityManagerFactory for persistence unit 'default'
[2021-07-11T19:31:27.027Z] [com.zaxxer.hikari.HikariDataSource] [Thread-224] [350] [INFO ] HikariPool-56 - Shutdown initiated...
[2021-07-11T19:31:27.027Z] [com.zaxxer.hikari.HikariDataSource] [Thread-224] [352] [INFO ] HikariPool-56 - Shutdown completed.
[2021-07-11T19:31:29.029Z] [org.springframework.boot.StartupInfoLogger] [restartedMain] [55] [INFO ] Starting OterrainApplication using Java 1.8.0_271 on DESKTOP-B0QDJ37 with PID 8456 (C:\Users\AROUNA\connecsen\o-terrain\target\classes started by AROUNA in C:\Users\AROUNA\connecsen\o-terrain)
[2021-07-11T19:31:29.029Z] [org.springframework.boot.SpringApplication] [restartedMain] [663] [INFO ] The following profiles are active: dev
[2021-07-11T19:31:32.032Z] [org.springframework.data.repository.config.RepositoryConfigurationDelegate] [restartedMain] [132] [INFO ] Bootstrapping Spring Data JPA repositories in DEFAULT mode.
[2021-07-11T19:31:32.032Z] [org.springframework.data.repository.config.RepositoryConfigurationDelegate] [restartedMain] [201] [INFO ] Finished Spring Data repository scanning in 398 ms. Found 2 JPA repository interfaces.
[2021-07-11T19:31:35.035Z] [org.springframework.boot.web.embedded.tomcat.TomcatWebServer] [restartedMain] [108] [INFO ] Tomcat initialized with port(s): 8080 (http)
[2021-07-11T19:31:35.035Z] [org.apache.juli.logging.DirectJDKLog] [restartedMain] [173] [INFO ] Initializing ProtocolHandler ["http-nio-8080"]
[2021-07-11T19:31:35.035Z] [org.apache.juli.logging.DirectJDKLog] [restartedMain] [173] [INFO ] Starting service [Tomcat]
[2021-07-11T19:31:35.035Z] [org.apache.juli.logging.DirectJDKLog] [restartedMain] [173] [INFO ] Starting Servlet engine: [Apache Tomcat/9.0.48]
[2021-07-11T19:31:35.035Z] [org.apache.juli.logging.DirectJDKLog] [restartedMain] [173] [INFO ] Initializing Spring embedded WebApplicationContext
[2021-07-11T19:31:35.035Z] [org.springframework.boot.web.servlet.context.ServletWebServerApplicationContext] [restartedMain] [290] [INFO ] Root WebApplicationContext: initialization completed in 6629 ms
[2021-07-11T19:31:36.036Z] [org.hibernate.jpa.internal.util.LogHelper] [restartedMain] [31] [INFO ] HHH000204: Processing PersistenceUnitInfo [name: default]
[2021-07-11T19:31:36.036Z] [com.zaxxer.hikari.HikariDataSource] [restartedMain] [110] [INFO ] HikariPool-57 - Starting...
[2021-07-11T19:31:37.037Z] [com.zaxxer.hikari.HikariDataSource] [restartedMain] [123] [INFO ] HikariPool-57 - Start completed.
[2021-07-11T19:31:37.037Z] [org.hibernate.dialect.Dialect] [restartedMain] [175] [INFO ] HHH000400: Using dialect: org.hibernate.dialect.PostgreSQLDialect
[2021-07-11T19:31:40.040Z] [org.hibernate.engine.transaction.jta.platform.internal.JtaPlatformInitiator] [restartedMain] [52] [INFO ] HHH000490: Using JtaPlatform implementation: [org.hibernate.engine.transaction.jta.platform.internal.NoJtaPlatform]
[2021-07-11T19:31:40.040Z] [org.springframework.orm.jpa.AbstractEntityManagerFactoryBean] [restartedMain] [437] [INFO ] Initialized JPA EntityManagerFactory for persistence unit 'default'
[2021-07-11T19:31:42.042Z] [org.springframework.boot.autoconfigure.orm.jpa.JpaBaseConfiguration$JpaWebConfiguration] [restartedMain] [219] [WARN ] spring.jpa.open-in-view is enabled by default. Therefore, database queries may be performed during view rendering. Explicitly configure spring.jpa.open-in-view to disable this warning
[2021-07-11T19:31:43.043Z] [org.springframework.security.web.DefaultSecurityFilterChain] [restartedMain] [51] [INFO ] Will secure any request with [org.springframework.security.web.context.request.async.WebAsyncManagerIntegrationFilter@57196d9d, org.springframework.security.web.context.SecurityContextPersistenceFilter@491fd8a4, org.springframework.security.web.header.HeaderWriterFilter@7b9370b, org.springframework.security.web.authentication.logout.LogoutFilter@12584f41, com.connecsen.oterrain.security.JWTAuthorizationFilter@6eb1d806, com.connecsen.oterrain.security.JWTAuthentificationFilter@4ff84104, org.springframework.security.web.savedrequest.RequestCacheAwareFilter@4fba57e8, org.springframework.security.web.servletapi.SecurityContextHolderAwareRequestFilter@175207b, org.springframework.security.web.authentication.AnonymousAuthenticationFilter@3794d41b, org.springframework.security.web.session.SessionManagementFilter@55ce2553, org.springframework.security.web.access.ExceptionTranslationFilter@698df5ca, org.springframework.security.web.access.intercept.FilterSecurityInterceptor@6653d8f8]
[2021-07-11T19:31:44.044Z] [org.springframework.boot.devtools.autoconfigure.OptionalLiveReloadServer] [restartedMain] [58] [INFO ] LiveReload server is running on port 35729
[2021-07-11T19:31:44.044Z] [org.apache.juli.logging.DirectJDKLog] [restartedMain] [173] [INFO ] Starting ProtocolHandler ["http-nio-8080"]
[2021-07-11T19:31:44.044Z] [org.springframework.boot.web.embedded.tomcat.TomcatWebServer] [restartedMain] [220] [INFO ] Tomcat started on port(s): 8080 (http) with context path ''
[2021-07-11T19:31:44.044Z] [org.springframework.boot.StartupInfoLogger] [restartedMain] [61] [INFO ] Started OterrainApplication in 15.89 seconds (JVM running for 24743.442)
[2021-07-11T19:31:44.044Z] [org.springframework.boot.devtools.autoconfigure.ConditionEvaluationDeltaLoggingListener] [restartedMain] [63] [INFO ] Condition evaluation unchanged
[2021-07-11T19:36:48.048Z] [org.springframework.orm.jpa.AbstractEntityManagerFactoryBean] [Thread-228] [651] [INFO ] Closing JPA EntityManagerFactory for persistence unit 'default'
[2021-07-11T19:36:48.048Z] [com.zaxxer.hikari.HikariDataSource] [Thread-228] [350] [INFO ] HikariPool-57 - Shutdown initiated...
[2021-07-11T19:36:48.048Z] [com.zaxxer.hikari.HikariDataSource] [Thread-228] [352] [INFO ] HikariPool-57 - Shutdown completed.
